<?xml version="1.0" encoding="UTF-8"?>
<testsuite xmlns:xsi="http://www.w3.org/2001/XMLSchema-instance" xsi:noNamespaceSchemaLocation="https://maven.apache.org/surefire/maven-surefire-plugin/xsd/surefire-test-report-3.0.xsd" version="3.0" name="com.br.breno.dao.ParticipanteDAOTest" time="0.477" tests="4" errors="0" skipped="0" failures="0">
  <properties>
[...]
</properties>
  <testcase name="testFindAll" classname="com.br.breno.dao.ParticipanteDAOTest" time="0.056"/>
  <testcase name="testCreateAndFindById" classname="com.br.breno.dao.ParticipanteDAOTest" time="0.074"/>
  <testcase name="testDelete" classname="com.br.breno.dao.ParticipanteDAOTest" time="0.179"/>
  <testcase name="testUpdate" classname="com.br.breno.dao.ParticipanteDAOTest" time="0.168"/>
</testsuite>